This file contains any messages produced by compilers while
running configure, to aid debugging if configure makes a mistake.

It was created by configure, which was
generated by GNU Autoconf 2.69.  Invocation command line was

  $ ./configure 

## --------- ##
## Platform. ##
## --------- ##

hostname = vinczemilan-ThinkPad-P15v-Gen-3
uname -m = x86_64
uname -r = 5.15.0-94-generic
uname -s = Linux
uname -v = #104~20.04.1-Ubuntu SMP Tue Jan 16 13:34:09 UTC 2024

/usr/bin/uname -p = x86_64
/bin/uname -X     = unknown

/bin/arch              = x86_64
/usr/bin/arch -k       = unknown
/usr/convex/getsysinfo = unknown
/usr/bin/hostinfo      = unknown
/bin/machine           = unknown
/usr/bin/oslevel       = unknown
/bin/universe          = unknown

PATH: /usr/local/sbin
PATH: /usr/local/bin
PATH: /usr/sbin
PATH: /usr/bin
PATH: /sbin
PATH: /bin
PATH: /usr/games
PATH: /usr/local/games
PATH: /snap/bin


## ----------- ##
## Core tests. ##
## ----------- ##

configure:2298: checking for grep that handles long lines and -e
configure:2356: result: /usr/bin/grep
configure:2361: checking for egrep
configure:2423: result: /usr/bin/grep -E
configure:2428: checking for a sed that does not truncate output
configure:2492: result: /usr/bin/sed
configure:2631: checking for pkg-config
configure:2649: found /usr/bin/pkg-config
configure:2661: result: /usr/bin/pkg-config
configure:2686: checking pkg-config is at least version 0.9.0
configure:2689: result: yes
configure:2751: checking for cc
configure:2767: found /usr/bin/cc
configure:2778: result: cc
configure:2809: checking for C compiler version
configure:2818: cc --version >&5
cc (Ubuntu 9.4.0-1ubuntu1~20.04.2) 9.4.0
Copyright (C) 2019 Free Software Foundation, Inc.
This is free software; see the source for copying conditions.  There is NO
warranty; not even for MERCHANTABILITY or FITNESS FOR A PARTICULAR PURPOSE.

configure:2829: $? = 0
configure:2818: cc -v >&5
Using built-in specs.
COLLECT_GCC=cc
COLLECT_LTO_WRAPPER=/usr/lib/gcc/x86_64-linux-gnu/9/lto-wrapper
OFFLOAD_TARGET_NAMES=nvptx-none:hsa
OFFLOAD_TARGET_DEFAULT=1
Target: x86_64-linux-gnu
Configured with: ../src/configure -v --with-pkgversion='Ubuntu 9.4.0-1ubuntu1~20.04.2' --with-bugurl=file:///usr/share/doc/gcc-9/README.Bugs --enable-languages=c,ada,c++,go,brig,d,fortran,objc,obj-c++,gm2 --prefix=/usr --with-gcc-major-version-only --program-suffix=-9 --program-prefix=x86_64-linux-gnu- --enable-shared --enable-linker-build-id --libexecdir=/usr/lib --without-included-gettext --enable-threads=posix --libdir=/usr/lib --enable-nls --enable-clocale=gnu --enable-libstdcxx-debug --enable-libstdcxx-time=yes --with-default-libstdcxx-abi=new --enable-gnu-unique-object --disable-vtable-verify --enable-plugin --enable-default-pie --with-system-zlib --with-target-system-zlib=auto --enable-objc-gc=auto --enable-multiarch --disable-werror --with-arch-32=i686 --with-abi=m64 --with-multilib-list=m32,m64,mx32 --enable-multilib --with-tune=generic --enable-offload-targets=nvptx-none=/build/gcc-9-9QDOt0/gcc-9-9.4.0/debian/tmp-nvptx/usr,hsa --without-cuda-driver --enable-checking=release --build=x86_64-linux-gnu --host=x86_64-linux-gnu --target=x86_64-linux-gnu
Thread model: posix
gcc version 9.4.0 (Ubuntu 9.4.0-1ubuntu1~20.04.2) 
configure:2829: $? = 0
configure:2818: cc -V >&5
cc: error: unrecognized command line option '-V'
cc: fatal error: no input files
compilation terminated.
configure:2829: $? = 1
configure:2818: cc -qversion >&5
cc: error: unrecognized command line option '-qversion'; did you mean '--version'?
cc: fatal error: no input files
compilation terminated.
configure:2829: $? = 1
configure:2849: checking whether the C compiler works
configure:2871: cc    conftest.c  >&5
configure:2875: $? = 0
configure:2923: result: yes
configure:2926: checking for C compiler default output file name
configure:2928: result: a.out
configure:2934: checking for suffix of executables
configure:2941: cc -o conftest    conftest.c  >&5
configure:2945: $? = 0
configure:2967: result: 
configure:2989: checking whether we are cross compiling
configure:2997: cc -o conftest    conftest.c  >&5
configure:3001: $? = 0
configure:3008: ./conftest
configure:3012: $? = 0
configure:3000: result: no
configure:3005: checking for suffix of object files
configure:3027: cc -c   conftest.c >&5
configure:3031: $? = 0
configure:3052: result: o
configure:3056: checking whether we are using the GNU C compiler
configure:3075: cc -c   conftest.c >&5
configure:3075: $? = 0
configure:3084: result: yes
configure:3093: checking whether cc accepts -g
configure:3113: cc -c -g  conftest.c >&5
configure:3113: $? = 0
configure:3154: result: yes
configure:3171: checking for cc option to accept ISO C89
configure:3234: cc  -c -g -O2  conftest.c >&5
configure:3234: $? = 0
configure:3247: result: none needed
configure:3273: checking how to run the C preprocessor
configure:3304: cc -E  conftest.c
configure:3304: $? = 0
configure:3318: cc -E  conftest.c
conftest.c:9:10: fatal error: ac_nonexistent.h: No such file or directory
    9 | #include <ac_nonexistent.h>
      |          ^~~~~~~~~~~~~~~~~~
compilation terminated.
configure:3318: $? = 1
configure: failed program was:
| /* confdefs.h */
| #define PACKAGE_NAME ""
| #define PACKAGE_TARNAME ""
| #define PACKAGE_VERSION ""
| #define PACKAGE_STRING ""
| #define PACKAGE_BUGREPORT ""
| #define PACKAGE_URL ""
| /* end confdefs.h.  */
| #include <ac_nonexistent.h>
configure:3343: result: cc -E
configure:3363: cc -E  conftest.c
configure:3363: $? = 0
configure:3377: cc -E  conftest.c
conftest.c:9:10: fatal error: ac_nonexistent.h: No such file or directory
    9 | #include <ac_nonexistent.h>
      |          ^~~~~~~~~~~~~~~~~~
compilation terminated.
configure:3377: $? = 1
configure: failed program was:
| /* confdefs.h */
| #define PACKAGE_NAME ""
| #define PACKAGE_TARNAME ""
| #define PACKAGE_VERSION ""
| #define PACKAGE_STRING ""
| #define PACKAGE_BUGREPORT ""
| #define PACKAGE_URL ""
| /* end confdefs.h.  */
| #include <ac_nonexistent.h>
configure:3408: checking for icc
configure:3417: result: no
configure:3431: checking for suncc
configure:3440: result: no
configure:3458: checking for system library directory
configure:3473: result: lib
configure:3480: checking if compiler supports -Wl,-rpath,
configure:3499: cc -o conftest -g -O2   conftest.c -Wl,-rpath,/usr/lib  >&5
configure:3499: $? = 0
configure:3509: result: yes
configure:3559: checking build system type
configure:3573: result: x86_64-pc-linux-gnu
configure:3593: checking host system type
configure:3606: result: x86_64-pc-linux-gnu
configure:3626: checking target system type
configure:3639: result: x86_64-pc-linux-gnu
configure:3742: checking for PHP prefix
configure:3744: result: /usr
configure:3746: checking for PHP includes
configure:3748: result: -I/usr/include/php/20230831 -I/usr/include/php/20230831/main -I/usr/include/php/20230831/TSRM -I/usr/include/php/20230831/Zend -I/usr/include/php/20230831/ext -I/usr/include/php/20230831/ext/date/lib
configure:3750: checking for PHP extension directory
configure:3752: result: /usr/lib/php/20230831
configure:3754: checking for PHP installed headers prefix
configure:3756: result: /usr/include/php/20230831
configure:3759: checking if debug is enabled
configure:3785: result: no
configure:3788: checking if zts is enabled
configure:3814: result: no
configure:3882: checking for gawk
configure:3899: found /usr/bin/gawk
configure:3910: result: gawk
configure:4016: checking whether to enable extended HTTP support
configure:4056: result: yes, shared
configure:4062: checking for ANSI C header files
configure:4082: cc -c -g -O2  conftest.c >&5
configure:4082: $? = 0
configure:4155: cc -o conftest -g -O2   conftest.c  >&5
configure:4155: $? = 0
configure:4155: ./conftest
configure:4155: $? = 0
configure:4166: result: yes
configure:4179: checking for sys/types.h
configure:4179: cc -c -g -O2  conftest.c >&5
configure:4179: $? = 0
configure:4179: result: yes
configure:4179: checking for sys/stat.h
configure:4179: cc -c -g -O2  conftest.c >&5
configure:4179: $? = 0
configure:4179: result: yes
configure:4179: checking for stdlib.h
configure:4179: cc -c -g -O2  conftest.c >&5
configure:4179: $? = 0
configure:4179: result: yes
configure:4179: checking for string.h
configure:4179: cc -c -g -O2  conftest.c >&5
configure:4179: $? = 0
configure:4179: result: yes
configure:4179: checking for memory.h
configure:4179: cc -c -g -O2  conftest.c >&5
configure:4179: $? = 0
configure:4179: result: yes
configure:4179: checking for strings.h
configure:4179: cc -c -g -O2  conftest.c >&5
configure:4179: $? = 0
configure:4179: result: yes
configure:4179: checking for inttypes.h
configure:4179: cc -c -g -O2  conftest.c >&5
configure:4179: $? = 0
configure:4179: result: yes
configure:4179: checking for stdint.h
configure:4179: cc -c -g -O2  conftest.c >&5
configure:4179: $? = 0
configure:4179: result: yes
configure:4179: checking for unistd.h
configure:4179: cc -c -g -O2  conftest.c >&5
configure:4179: $? = 0
configure:4179: result: yes
configure:4191: checking for off_t
configure:4191: cc -c -g -O2  conftest.c >&5
configure:4191: $? = 0
configure:4191: cc -c -g -O2  conftest.c >&5
conftest.c: In function 'main':
conftest.c:55:20: error: expected expression before ')' token
   55 | if (sizeof ((off_t)))
      |                    ^
configure:4191: $? = 1
configure: failed program was:
| /* confdefs.h */
| #define PACKAGE_NAME ""
| #define PACKAGE_TARNAME ""
| #define PACKAGE_VERSION ""
| #define PACKAGE_STRING ""
| #define PACKAGE_BUGREPORT ""
| #define PACKAGE_URL ""
| #define STDC_HEADERS 1
| #define HAVE_SYS_TYPES_H 1
| #define HAVE_SYS_STAT_H 1
| #define HAVE_STDLIB_H 1
| #define HAVE_STRING_H 1
| #define HAVE_MEMORY_H 1
| #define HAVE_STRINGS_H 1
| #define HAVE_INTTYPES_H 1
| #define HAVE_STDINT_H 1
| #define HAVE_UNISTD_H 1
| /* end confdefs.h.  */
| #include <stdio.h>
| #ifdef HAVE_SYS_TYPES_H
| # include <sys/types.h>
| #endif
| #ifdef HAVE_SYS_STAT_H
| # include <sys/stat.h>
| #endif
| #ifdef STDC_HEADERS
| # include <stdlib.h>
| # include <stddef.h>
| #else
| # ifdef HAVE_STDLIB_H
| #  include <stdlib.h>
| # endif
| #endif
| #ifdef HAVE_STRING_H
| # if !defined STDC_HEADERS && defined HAVE_MEMORY_H
| #  include <memory.h>
| # endif
| # include <string.h>
| #endif
| #ifdef HAVE_STRINGS_H
| # include <strings.h>
| #endif
| #ifdef HAVE_INTTYPES_H
| # include <inttypes.h>
| #endif
| #ifdef HAVE_STDINT_H
| # include <stdint.h>
| #endif
| #ifdef HAVE_UNISTD_H
| # include <unistd.h>
| #endif
| int
| main ()
| {
| if (sizeof ((off_t)))
| 	    return 0;
|   ;
|   return 0;
| }
configure:4191: result: yes
configure:4202: checking for mbstate_t
configure:4219: cc -c -g -O2  conftest.c >&5
configure:4219: $? = 0
configure:4226: result: yes
configure:4240: checking netdb.h usability
configure:4240: cc -c -g -O2  conftest.c >&5
configure:4240: $? = 0
configure:4240: result: yes
configure:4240: checking netdb.h presence
configure:4240: cc -E  conftest.c
configure:4240: $? = 0
configure:4240: result: yes
configure:4240: checking for netdb.h
configure:4240: result: yes
configure:4240: checking for unistd.h
configure:4240: result: yes
configure:4240: checking wchar.h usability
configure:4240: cc -c -g -O2  conftest.c >&5
configure:4240: $? = 0
configure:4240: result: yes
configure:4240: checking wchar.h presence
configure:4240: cc -E  conftest.c
configure:4240: $? = 0
configure:4240: result: yes
configure:4240: checking for wchar.h
configure:4240: result: yes
configure:4240: checking wctype.h usability
configure:4240: cc -c -g -O2  conftest.c >&5
configure:4240: $? = 0
configure:4240: result: yes
configure:4240: checking wctype.h presence
configure:4240: cc -E  conftest.c
configure:4240: $? = 0
configure:4240: result: yes
configure:4240: checking for wctype.h
configure:4240: result: yes
configure:4240: checking arpa/inet.h usability
configure:4240: cc -c -g -O2  conftest.c >&5
configure:4240: $? = 0
configure:4240: result: yes
configure:4240: checking arpa/inet.h presence
configure:4240: cc -E  conftest.c
configure:4240: $? = 0
configure:4240: result: yes
configure:4240: checking for arpa/inet.h
configure:4240: result: yes
configure:4250: checking for gethostname
configure:4250: cc -o conftest -g -O2   conftest.c  >&5
configure:4250: $? = 0
configure:4250: result: yes
configure:4303: checking for getdomainname
configure:4303: cc -o conftest -g -O2   conftest.c  >&5
configure:4303: $? = 0
configure:4303: result: yes
configure:4359: checking for mbrtowc
configure:4359: cc -o conftest -g -O2   conftest.c  >&5
configure:4359: $? = 0
configure:4359: result: yes
configure:4359: checking for mbtowc
configure:4359: cc -o conftest -g -O2   conftest.c  >&5
configure:4359: $? = 0
configure:4359: result: yes
configure:4359: checking for iswalnum
configure:4359: cc -o conftest -g -O2   conftest.c  >&5
conftest.c:50:6: warning: conflicting types for built-in function 'iswalnum'; expected 'int(unsigned int)' [-Wbuiltin-declaration-mismatch]
   50 | char iswalnum ();
      |      ^~~~~~~~
conftest.c:38:1: note: 'iswalnum' is declared in header '<wctype.h>'
   37 | # include <limits.h>
   38 | #else
configure:4359: $? = 0
configure:4359: result: yes
configure:4359: checking for inet_pton
configure:4359: cc -o conftest -g -O2   conftest.c  >&5
configure:4359: $? = 0
configure:4359: result: yes
configure:4374: checking whether/where to check for zlib
configure:4414: result: yes, shared
configure:4425: checking for gawk
configure:4452: result: gawk
configure:4480: checking for zlib
configure:4528: result: 1.2.11
configure:4536: checking whether zlib version 1.2.11 >= 1.2.0.4
configure:4541: result: ok
configure:4553: checking whether zlib can be linked
configure:4566: cc -o conftest -g -O2 -Wno-strict-prototypes  -I/usr/include  -L/usr/lib conftest.c  -lz >&5
configure:4566: $? = 0
configure:4573: result: yes
configure:4755: checking whether/where to check for libbrotli
configure:4795: result: yes, shared
configure:4867: checking for libbrotlicommon
configure:4924: result: no
configure:4949: checking whether libbrotlicommon version  >= 1.0
configure:4953: result: no
configure:5193: checking for libbrotlidec
configure:5250: result: no
configure:5275: checking whether libbrotlidec version  >= 1.0
configure:5279: result: no
configure:5519: checking for libbrotlienc
configure:5576: result: no
configure:5601: checking whether libbrotlienc version  >= 1.0
configure:5605: result: no
configure:6053: checking whether/where to check for libcurl
configure:6093: result: yes, shared
configure:6101: checking for a sed that does not truncate output
configure:6165: result: /usr/bin/sed
configure:6174: checking for egrep
configure:6236: result: /usr/bin/grep -E
configure:6245: checking for curl-config
configure:6264: found /usr/bin/curl-config
configure:6277: result: /usr/bin/curl-config
configure:6299: checking for libcurl
configure:6340: result: 7.68.0
configure:6361: checking whether libcurl version 7.68.0 >= 7.18.2
configure:6366: result: ok
configure:6379: checking for default CA path
configure:6398: result: /etc/ssl/certs
configure:6411: checking for default CA info
configure:6433: result: /etc/ssl/certs/ca-certificates.crt
configure:6450: checking for HTTP protocol in libcurl
configure:6463: result: yes
configure:6472: checking for HTTP2 feature in libcurl
configure:6485: result: yes
configure:6498: checking for ALT-SVC feature in libcurl
configure:6511: result: no
configure:6524: checking for HSTS feature in libcurl
configure:6537: result: no
configure:6551: checking for c-ares providing AsynchDNS in libcurl
configure:6576: cc -o conftest -g -O2 -Wno-strict-prototypes     conftest.c  -lcurl >&5
configure:6576: $? = 0
configure:6576: ./conftest
configure:6576: $? = 1
configure: program exited with status 1
configure: failed program was:
| /* confdefs.h */
| #define PACKAGE_NAME ""
| #define PACKAGE_TARNAME ""
| #define PACKAGE_VERSION ""
| #define PACKAGE_STRING ""
| #define PACKAGE_BUGREPORT ""
| #define PACKAGE_URL ""
| #define STDC_HEADERS 1
| #define HAVE_SYS_TYPES_H 1
| #define HAVE_SYS_STAT_H 1
| #define HAVE_STDLIB_H 1
| #define HAVE_STRING_H 1
| #define HAVE_MEMORY_H 1
| #define HAVE_STRINGS_H 1
| #define HAVE_INTTYPES_H 1
| #define HAVE_STDINT_H 1
| #define HAVE_UNISTD_H 1
| #define HAVE_MBSTATE_T 1
| #define HAVE_NETDB_H 1
| #define HAVE_UNISTD_H 1
| #define HAVE_WCHAR_H 1
| #define HAVE_WCTYPE_H 1
| #define HAVE_ARPA_INET_H 1
| #define HAVE_MBRTOWC 1
| #define HAVE_MBTOWC 1
| #define HAVE_ISWALNUM 1
| #define HAVE_INET_PTON 1
| #define PHP_HTTP_ZLIB_VERSION "1.2.11"
| #define PHP_HTTP_HAVE_ZLIB 1
| #define PHP_HTTP_LIBCURL_VERSION "7.68.0"
| #define PHP_HTTP_CAPATH "/etc/ssl/certs"
| #define PHP_HTTP_CAINFO "/etc/ssl/certs/ca-certificates.crt"
| #define PHP_HTTP_HAVE_LIBCURL_HTTP 1
| #define PHP_HTTP_HAVE_LIBCURL_HTTP2 1
| /* end confdefs.h.  */
| 
| 			#include <curl/curl.h>
| 			int main(int argc, char *argv[]) {
| 				curl_version_info_data *data = curl_version_info(CURLVERSION_NOW);
| 				if (data && data->ares && data->ares_num) {
| 					return 0;
| 				}
| 				return 1;
| 			}
| 
configure:6591: result: no
configure:6601: checking for SSL feature in libcurl
configure:6614: result: yes
configure:6625: checking for OpenSSL providing SSL in libcurl
configure:6653: cc -o conftest -g -O2 -Wno-strict-prototypes     conftest.c  -lcurl >&5
configure:6653: $? = 0
configure:6653: ./conftest
configure:6653: $? = 0
configure:6668: result: yes
configure:6677: checking openssl/ssl.h usability
configure:6677: cc -c -g -O2 -Wno-strict-prototypes   conftest.c >&5
configure:6677: $? = 0
configure:6677: result: yes
configure:6677: checking openssl/ssl.h presence
configure:6677: cc -E   conftest.c
configure:6677: $? = 0
configure:6677: result: yes
configure:6677: checking for openssl/ssl.h
configure:6677: result: yes
configure:6686: checking openssl/crypto.h usability
configure:6686: cc -c -g -O2 -Wno-strict-prototypes   conftest.c >&5
configure:6686: $? = 0
configure:6686: result: yes
configure:6686: checking openssl/crypto.h presence
configure:6686: cc -E   conftest.c
configure:6686: $? = 0
configure:6686: result: yes
configure:6686: checking for openssl/crypto.h
configure:6686: result: yes
configure:7374: checking for CURL_VERSION_TLSAUTH_SRP in curl/curl.h
configure:7396: cc -c -g -O2 -Wno-strict-prototypes   conftest.c >&5
configure:7396: $? = 0
configure:7408: result: yes
configure:7416: checking for CURLOPT_TLSAUTH_TYPE SRP support
configure:7440: cc -o conftest -g -O2 -Wno-strict-prototypes     conftest.c  -lcurl >&5
conftest.c: In function 'main':
conftest.c:45:87: warning: missing terminating " character
   45 |       int set_failure = curl_easy_setopt(curl_easy_init(), CURLOPT_TLSAUTH_TYPE, "SRP"");
      |                                                                                       ^
conftest.c:48: error: unterminated argument list invoking macro "curl_easy_setopt"
   48 | 
      | 
conftest.c:45:25: warning: initialization of 'int' from 'CURLcode (*)(CURL *, CURLoption,  ...)' {aka 'enum <anonymous> (*)(void *, enum <anonymous>,  ...)'} makes integer from pointer without a cast [-Wint-conversion]
   45 |       int set_failure = curl_easy_setopt(curl_easy_init(), CURLOPT_TLSAUTH_TYPE, "SRP"");
      |                         ^~~~~~~~~~~~~~~~
conftest.c:45:7: error: expected ',' or ';' at end of input
   45 |       int set_failure = curl_easy_setopt(curl_easy_init(), CURLOPT_TLSAUTH_TYPE, "SRP"");
      |       ^~~
conftest.c:45:7: error: expected declaration or statement at end of input
configure:7440: $? = 1
configure: program exited with status 1
configure: failed program was:
| /* confdefs.h */
| #define PACKAGE_NAME ""
| #define PACKAGE_TARNAME ""
| #define PACKAGE_VERSION ""
| #define PACKAGE_STRING ""
| #define PACKAGE_BUGREPORT ""
| #define PACKAGE_URL ""
| #define STDC_HEADERS 1
| #define HAVE_SYS_TYPES_H 1
| #define HAVE_SYS_STAT_H 1
| #define HAVE_STDLIB_H 1
| #define HAVE_STRING_H 1
| #define HAVE_MEMORY_H 1
| #define HAVE_STRINGS_H 1
| #define HAVE_INTTYPES_H 1
| #define HAVE_STDINT_H 1
| #define HAVE_UNISTD_H 1
| #define HAVE_MBSTATE_T 1
| #define HAVE_NETDB_H 1
| #define HAVE_UNISTD_H 1
| #define HAVE_WCHAR_H 1
| #define HAVE_WCTYPE_H 1
| #define HAVE_ARPA_INET_H 1
| #define HAVE_MBRTOWC 1
| #define HAVE_MBTOWC 1
| #define HAVE_ISWALNUM 1
| #define HAVE_INET_PTON 1
| #define PHP_HTTP_ZLIB_VERSION "1.2.11"
| #define PHP_HTTP_HAVE_ZLIB 1
| #define PHP_HTTP_LIBCURL_VERSION "7.68.0"
| #define PHP_HTTP_CAPATH "/etc/ssl/certs"
| #define PHP_HTTP_CAINFO "/etc/ssl/certs/ca-certificates.crt"
| #define PHP_HTTP_HAVE_LIBCURL_HTTP 1
| #define PHP_HTTP_HAVE_LIBCURL_HTTP2 1
| #define PHP_HTTP_HAVE_LIBCURL_SSL 1
| #define PHP_HTTP_HAVE_LIBCURL_OPENSSL 1
| #define PHP_HTTP_HAVE_LIBCURL_CAPATH 1
| #define PHP_HTTP_HAVE_LIBCURL_CAINFO 1
| #define PHP_HTTP_HAVE_CURL_VERSION_TLSAUTH_SRP 1
| /* end confdefs.h.  */
| 
| 					#include <curl/curl.h>
| 					int main(int argc, char *argv[]) {
| 						int has_feature = curl_version_info(CURLVERSION_NOW)->features & CURL_VERSION_TLSAUTH_SRP;
| 						int set_failure = curl_easy_setopt(curl_easy_init(), CURLOPT_TLSAUTH_TYPE, "SRP"");
| 						return !has_feature || set_failure;
| 					}
| 
configure:7451: result: no
configure:7465: checking for CURL_LOCK_DATA_SSL_SESSION in curl/curl.h
configure:7487: cc -c -g -O2 -Wno-strict-prototypes   conftest.c >&5
configure:7487: $? = 0
configure:7499: result: yes
configure:7507: checking whether curl_share accepts CURL_LOCK_DATA_SSL_SESSION
configure:7530: cc -o conftest -g -O2 -Wno-strict-prototypes     conftest.c  -lcurl >&5
configure:7530: $? = 0
configure:7530: ./conftest
configure:7530: $? = 0
configure:7545: result: yes
configure:7560: checking for CURLOPT_TLS13_CIPHERS in curl/curl.h
configure:7582: cc -c -g -O2 -Wno-strict-prototypes   conftest.c >&5
configure:7582: $? = 0
configure:7594: result: yes
configure:7602: checking whether curl_easy_setopt accepts CURLOPT_TLS13_CIPHERS
configure:7625: cc -o conftest -g -O2 -Wno-strict-prototypes     conftest.c  -lcurl >&5
In file included from /usr/include/x86_64-linux-gnu/curl/curl.h:2884,
                 from conftest.c:45:
conftest.c: In function 'main':
conftest.c:48:36: error: 'CURLSHOPT_TLS13_CIPHERS' undeclared (first use in this function); did you mean 'CURLOPT_TLS13_CIPHERS'?
   48 |        return curl_easy_setopt(ch, CURLSHOPT_TLS13_CIPHERS, "");
      |                                    ^~~~~~~~~~~~~~~~~~~~~~~
conftest.c:48:36: note: each undeclared identifier is reported only once for each function it appears in
configure:7625: $? = 1
configure: program exited with status 1
configure: failed program was:
| /* confdefs.h */
| #define PACKAGE_NAME ""
| #define PACKAGE_TARNAME ""
| #define PACKAGE_VERSION ""
| #define PACKAGE_STRING ""
| #define PACKAGE_BUGREPORT ""
| #define PACKAGE_URL ""
| #define STDC_HEADERS 1
| #define HAVE_SYS_TYPES_H 1
| #define HAVE_SYS_STAT_H 1
| #define HAVE_STDLIB_H 1
| #define HAVE_STRING_H 1
| #define HAVE_MEMORY_H 1
| #define HAVE_STRINGS_H 1
| #define HAVE_INTTYPES_H 1
| #define HAVE_STDINT_H 1
| #define HAVE_UNISTD_H 1
| #define HAVE_MBSTATE_T 1
| #define HAVE_NETDB_H 1
| #define HAVE_UNISTD_H 1
| #define HAVE_WCHAR_H 1
| #define HAVE_WCTYPE_H 1
| #define HAVE_ARPA_INET_H 1
| #define HAVE_MBRTOWC 1
| #define HAVE_MBTOWC 1
| #define HAVE_ISWALNUM 1
| #define HAVE_INET_PTON 1
| #define PHP_HTTP_ZLIB_VERSION "1.2.11"
| #define PHP_HTTP_HAVE_ZLIB 1
| #define PHP_HTTP_LIBCURL_VERSION "7.68.0"
| #define PHP_HTTP_CAPATH "/etc/ssl/certs"
| #define PHP_HTTP_CAINFO "/etc/ssl/certs/ca-certificates.crt"
| #define PHP_HTTP_HAVE_LIBCURL_HTTP 1
| #define PHP_HTTP_HAVE_LIBCURL_HTTP2 1
| #define PHP_HTTP_HAVE_LIBCURL_SSL 1
| #define PHP_HTTP_HAVE_LIBCURL_OPENSSL 1
| #define PHP_HTTP_HAVE_LIBCURL_CAPATH 1
| #define PHP_HTTP_HAVE_LIBCURL_CAINFO 1
| #define PHP_HTTP_HAVE_CURL_VERSION_TLSAUTH_SRP 1
| #define PHP_HTTP_HAVE_CURL_LOCK_DATA_SSL_SESSION 1
| #define PHP_HTTP_HAVE_LIBCURL_SHARE_SSL 1
| #define PHP_HTTP_HAVE_CURLOPT_TLS13_CIPHERS 1
| /* end confdefs.h.  */
| 
| 						#include <curl/curl.h>
| 						int main(int argc, char *argv[]) {
| 							CURL *ch = curl_easy_init();
| 							return curl_easy_setopt(ch, CURLSHOPT_TLS13_CIPHERS, "");
| 						}
| 
configure:7640: result: no
configure:7666: checking for default CA path
configure:7685: result: /etc/ssl/certs
configure:7698: checking for default CA info
configure:7720: result: /etc/ssl/certs/ca-certificates.crt
configure:7751: checking whether libcurl can be linked
configure:7764: cc -o conftest -g -O2 -Wno-strict-prototypes     conftest.c  -lcurl >&5
configure:7764: $? = 0
configure:7771: result: yes
configure:7954: checking whether/where to check for libevent
configure:7969: result: yes
configure:7996: checking for libevent
configure:8053: result: no
configure:8330: checking whether/where to check for libidn2
configure:8345: result: yes
configure:8365: checking for libidn2
configure:8413: result: no
configure:8630: checking whether/where to check for libidn
configure:8645: result: yes
configure:8671: checking for libidn
configure:8728: result: no
configure:9011: checking whether/where to check for libicu
configure:9026: result: yes
configure:9034: checking for icu-config
configure:9066: result: false
configure:9167: checking for icu-i18n
configure:9224: result: no
configure:9244: checking for uidna_IDNToASCII
configure:9270: cc -o conftest -g -O2 -Wno-strict-prototypes   conftest.c  >&5
conftest.c:49:14: fatal error: unicode/uidna.h: No such file or directory
   49 |     #include <unicode/uidna.h>
      |              ^~~~~~~~~~~~~~~~~
compilation terminated.
configure:9270: $? = 1
configure: failed program was:
| /* confdefs.h */
| #define PACKAGE_NAME ""
| #define PACKAGE_TARNAME ""
| #define PACKAGE_VERSION ""
| #define PACKAGE_STRING ""
| #define PACKAGE_BUGREPORT ""
| #define PACKAGE_URL ""
| #define STDC_HEADERS 1
| #define HAVE_SYS_TYPES_H 1
| #define HAVE_SYS_STAT_H 1
| #define HAVE_STDLIB_H 1
| #define HAVE_STRING_H 1
| #define HAVE_MEMORY_H 1
| #define HAVE_STRINGS_H 1
| #define HAVE_INTTYPES_H 1
| #define HAVE_STDINT_H 1
| #define HAVE_UNISTD_H 1
| #define HAVE_MBSTATE_T 1
| #define HAVE_NETDB_H 1
| #define HAVE_UNISTD_H 1
| #define HAVE_WCHAR_H 1
| #define HAVE_WCTYPE_H 1
| #define HAVE_ARPA_INET_H 1
| #define HAVE_MBRTOWC 1
| #define HAVE_MBTOWC 1
| #define HAVE_ISWALNUM 1
| #define HAVE_INET_PTON 1
| #define PHP_HTTP_ZLIB_VERSION "1.2.11"
| #define PHP_HTTP_HAVE_ZLIB 1
| #define PHP_HTTP_LIBCURL_VERSION "7.68.0"
| #define PHP_HTTP_CAPATH "/etc/ssl/certs"
| #define PHP_HTTP_CAINFO "/etc/ssl/certs/ca-certificates.crt"
| #define PHP_HTTP_HAVE_LIBCURL_HTTP 1
| #define PHP_HTTP_HAVE_LIBCURL_HTTP2 1
| #define PHP_HTTP_HAVE_LIBCURL_SSL 1
| #define PHP_HTTP_HAVE_LIBCURL_OPENSSL 1
| #define PHP_HTTP_HAVE_LIBCURL_CAPATH 1
| #define PHP_HTTP_HAVE_LIBCURL_CAINFO 1
| #define PHP_HTTP_HAVE_CURL_VERSION_TLSAUTH_SRP 1
| #define PHP_HTTP_HAVE_CURL_LOCK_DATA_SSL_SESSION 1
| #define PHP_HTTP_HAVE_LIBCURL_SHARE_SSL 1
| #define PHP_HTTP_HAVE_CURLOPT_TLS13_CIPHERS 1
| #define PHP_HTTP_CAPATH "/etc/ssl/certs"
| #define PHP_HTTP_CAINFO "/etc/ssl/certs/ca-certificates.crt"
| #define PHP_HTTP_HAVE_CLIENT 1
| #define PHP_HTTP_HAVE_LIBCURL 1
| /* end confdefs.h.  */
| 
| 				#include <unicode/uidna.h>
| 
| int
| main ()
| {
| 
| 				uidna_IDNToASCII(0, 0, 0, 0, 0, 0, 0);
| 
|   ;
|   return 0;
| }
configure:9283: result: no
configure:9297: checking for uidna_nameToASCII_UTF8
configure:9318: cc -o conftest -g -O2 -Wno-strict-prototypes   conftest.c  >&5
conftest.c:51:14: fatal error: unicode/uidna.h: No such file or directory
   51 |     #include <unicode/uidna.h>
      |              ^~~~~~~~~~~~~~~~~
compilation terminated.
configure:9318: $? = 1
configure: failed program was:
| /* confdefs.h */
| #define PACKAGE_NAME ""
| #define PACKAGE_TARNAME ""
| #define PACKAGE_VERSION ""
| #define PACKAGE_STRING ""
| #define PACKAGE_BUGREPORT ""
| #define PACKAGE_URL ""
| #define STDC_HEADERS 1
| #define HAVE_SYS_TYPES_H 1
| #define HAVE_SYS_STAT_H 1
| #define HAVE_STDLIB_H 1
| #define HAVE_STRING_H 1
| #define HAVE_MEMORY_H 1
| #define HAVE_STRINGS_H 1
| #define HAVE_INTTYPES_H 1
| #define HAVE_STDINT_H 1
| #define HAVE_UNISTD_H 1
| #define HAVE_MBSTATE_T 1
| #define HAVE_NETDB_H 1
| #define HAVE_UNISTD_H 1
| #define HAVE_WCHAR_H 1
| #define HAVE_WCTYPE_H 1
| #define HAVE_ARPA_INET_H 1
| #define HAVE_MBRTOWC 1
| #define HAVE_MBTOWC 1
| #define HAVE_ISWALNUM 1
| #define HAVE_INET_PTON 1
| #define PHP_HTTP_ZLIB_VERSION "1.2.11"
| #define PHP_HTTP_HAVE_ZLIB 1
| #define PHP_HTTP_LIBCURL_VERSION "7.68.0"
| #define PHP_HTTP_CAPATH "/etc/ssl/certs"
| #define PHP_HTTP_CAINFO "/etc/ssl/certs/ca-certificates.crt"
| #define PHP_HTTP_HAVE_LIBCURL_HTTP 1
| #define PHP_HTTP_HAVE_LIBCURL_HTTP2 1
| #define PHP_HTTP_HAVE_LIBCURL_SSL 1
| #define PHP_HTTP_HAVE_LIBCURL_OPENSSL 1
| #define PHP_HTTP_HAVE_LIBCURL_CAPATH 1
| #define PHP_HTTP_HAVE_LIBCURL_CAINFO 1
| #define PHP_HTTP_HAVE_CURL_VERSION_TLSAUTH_SRP 1
| #define PHP_HTTP_HAVE_CURL_LOCK_DATA_SSL_SESSION 1
| #define PHP_HTTP_HAVE_LIBCURL_SHARE_SSL 1
| #define PHP_HTTP_HAVE_CURLOPT_TLS13_CIPHERS 1
| #define PHP_HTTP_CAPATH "/etc/ssl/certs"
| #define PHP_HTTP_CAINFO "/etc/ssl/certs/ca-certificates.crt"
| #define PHP_HTTP_HAVE_CLIENT 1
| #define PHP_HTTP_HAVE_LIBCURL 1
| #define PHP_HTTP_HAVE_IDNA2003 1
| #define HAVE_UIDNA_IDNTOASCII 1
| /* end confdefs.h.  */
| 
| 				#include <unicode/uidna.h>
| 
| int
| main ()
| {
| 
| 				uidna_nameToASCII_UTF8(0, 0, 0, 0, 0, 0, 0);
| 
|   ;
|   return 0;
| }
configure:9331: result: no
configure:9553: checking whether/where to check for libidnkit2
configure:9568: result: yes
configure:9588: checking for libidnkit2
configure:9636: result: no
configure:9853: checking whether/where to check for libidnkit
configure:9868: result: yes
configure:9893: checking for libidnkit
configure:9941: result: no
configure:10158: checking whether ext/raphf is enabled
configure:10174: result: no
configure:10246: error: please install and enable pecl/raphf

## ---------------- ##
## Cache variables. ##
## ---------------- ##

PECL_cv_CAINFO=/etc/ssl/certs/ca-certificates.crt
PECL_cv_CAPATH=/etc/ssl/certs
PECL_cv_HAVE_EXT_raphf=no
PECL_cv_HAVE_LIBCURL_ARES=no
PECL_cv_HAVE_LIBCURL_FEATURE_ALT_SVC=no
PECL_cv_HAVE_LIBCURL_FEATURE_HSTS=no
PECL_cv_HAVE_LIBCURL_FEATURE_HTTP2=yes
PECL_cv_HAVE_LIBCURL_FEATURE_SSL=yes
PECL_cv_HAVE_LIBCURL_OpenSSL=yes
PECL_cv_HAVE_LIBCURL_PROTOCOL_HTTP=yes
PECL_cv_HAVE_UIDNA_IDNToASCII=no
PECL_cv_HAVE_UIDNA_NAMETOASCII_UTF8=no
PECL_cv_HAVE_curl_curl_h_CURLOPT_TLS13_CIPHERS=yes
PECL_cv_HAVE_curl_curl_h_CURL_LOCK_DATA_SSL_SESSION=yes
PECL_cv_HAVE_curl_curl_h_CURL_VERSION_TLSAUTH_SRP=yes
PECL_cv_LIBCURL_SHARE_SSL=yes
PECL_cv_LIBCURL_TLS13_CIPHERS=no
PECL_cv_LIBCURL_TLSAUTH_SRP=no
PECL_cv_icu_i18n_exists=no
PECL_cv_libbrotlicommon_exists=no
PECL_cv_libbrotlidec_exists=no
PECL_cv_libbrotlienc_exists=no
PECL_cv_libcurl_cppflags=
PECL_cv_libcurl_ldflags=
PECL_cv_libcurl_libs=-lcurl
PECL_cv_libcurl_version=7.68.0
PECL_cv_libevent_exists=no
PECL_cv_libidn_exists=no
PECL_cv_zlib_prefix=/usr
PECL_cv_zlib_version=1.2.11
ac_cv_build=x86_64-pc-linux-gnu
ac_cv_c_compiler_gnu=yes
ac_cv_env_CC_set=
ac_cv_env_CC_value=
ac_cv_env_CFLAGS_set=
ac_cv_env_CFLAGS_value=
ac_cv_env_CPPFLAGS_set=
ac_cv_env_CPPFLAGS_value=
ac_cv_env_CPP_set=
ac_cv_env_CPP_value=
ac_cv_env_LDFLAGS_set=
ac_cv_env_LDFLAGS_value=
ac_cv_env_LIBS_set=
ac_cv_env_LIBS_value=
ac_cv_env_LT_SYS_LIBRARY_PATH_set=
ac_cv_env_LT_SYS_LIBRARY_PATH_value=
ac_cv_env_PKG_CONFIG_LIBDIR_set=
ac_cv_env_PKG_CONFIG_LIBDIR_value=
ac_cv_env_PKG_CONFIG_PATH_set=
ac_cv_env_PKG_CONFIG_PATH_value=
ac_cv_env_PKG_CONFIG_set=
ac_cv_env_PKG_CONFIG_value=
ac_cv_env_build_alias_set=
ac_cv_env_build_alias_value=
ac_cv_env_host_alias_set=
ac_cv_env_host_alias_value=
ac_cv_env_target_alias_set=
ac_cv_env_target_alias_value=
ac_cv_func_getdomainname=yes
ac_cv_func_gethostname=yes
ac_cv_func_inet_pton=yes
ac_cv_func_iswalnum=yes
ac_cv_func_mbrtowc=yes
ac_cv_func_mbtowc=yes
ac_cv_header_arpa_inet_h=yes
ac_cv_header_inttypes_h=yes
ac_cv_header_memory_h=yes
ac_cv_header_netdb_h=yes
ac_cv_header_openssl_crypto_h=yes
ac_cv_header_openssl_ssl_h=yes
ac_cv_header_stdc=yes
ac_cv_header_stdint_h=yes
ac_cv_header_stdlib_h=yes
ac_cv_header_string_h=yes
ac_cv_header_strings_h=yes
ac_cv_header_sys_stat_h=yes
ac_cv_header_sys_types_h=yes
ac_cv_header_unistd_h=yes
ac_cv_header_wchar_h=yes
ac_cv_header_wctype_h=yes
ac_cv_host=x86_64-pc-linux-gnu
ac_cv_objext=o
ac_cv_path_CURL_CONFIG=/usr/bin/curl-config
ac_cv_path_EGREP='/usr/bin/grep -E'
ac_cv_path_GREP=/usr/bin/grep
ac_cv_path_ICU_CONFIG=false
ac_cv_path_SED=/usr/bin/sed
ac_cv_path_ac_pt_PKG_CONFIG=/usr/bin/pkg-config
ac_cv_prog_AWK=gawk
ac_cv_prog_CPP='cc -E'
ac_cv_prog_ac_ct_CC=cc
ac_cv_prog_cc_c89=
ac_cv_prog_cc_g=yes
ac_cv_target=x86_64-pc-linux-gnu
ac_cv_type_mbstate_t=yes
ac_cv_type_off_t=yes
php_cv_cc_rpath=yes

## ----------------- ##
## Output variables. ##
## ----------------- ##

AR=''
AWK='gawk'
BUILD_CC=''
CC='cc'
CFLAGS='-g -O2 -Wno-strict-prototypes'
CONFIGURE_COMMAND=' '\''./configure'\'' '
CONFIGURE_OPTIONS=''
CPP='cc -E'
CPPFLAGS=''
CURL_CONFIG='/usr/bin/curl-config'
DEFS=''
DLLTOOL=''
DSYMUTIL=''
DUMPBIN=''
ECHO_C=''
ECHO_N='-n'
ECHO_T=''
EGREP='/usr/bin/grep -E'
EXEEXT=''
FGREP=''
GREP='/usr/bin/grep'
ICU_CONFIG='false'
LD=''
LDFLAGS=''
LIBOBJS=''
LIBS=''
LIBTOOL=''
LIPO=''
LN_S=''
LTLIBOBJS=''
LT_SYS_LIBRARY_PATH=''
MANIFEST_TOOL=''
NM=''
NMEDIT=''
OBJDUMP=''
OBJEXT='o'
OTOOL64=''
OTOOL=''
PACKAGE_BUGREPORT=''
PACKAGE_NAME=''
PACKAGE_STRING=''
PACKAGE_TARNAME=''
PACKAGE_URL=''
PACKAGE_VERSION=''
PATH_SEPARATOR=':'
PKG_CONFIG='/usr/bin/pkg-config'
PKG_CONFIG_LIBDIR=''
PKG_CONFIG_PATH=''
RANLIB=''
SED='/usr/bin/sed'
SHELL='/bin/bash'
SHLIB_DL_SUFFIX_NAME='so'
SHLIB_SUFFIX_NAME='so'
STRIP=''
ac_ct_AR=''
ac_ct_CC='cc'
ac_ct_DUMPBIN=''
bindir='${exec_prefix}/bin'
build='x86_64-pc-linux-gnu'
build_alias=''
build_cpu='x86_64'
build_os='linux-gnu'
build_vendor='pc'
datadir='${datarootdir}'
datarootdir='${prefix}/share'
docdir='${datarootdir}/doc/${PACKAGE}'
dvidir='${docdir}'
exec_prefix='NONE'
host='x86_64-pc-linux-gnu'
host_alias='x86_64-pc-linux-gnu'
host_cpu='x86_64'
host_os='linux-gnu'
host_vendor='pc'
htmldir='${docdir}'
includedir='${prefix}/include'
infodir='${datarootdir}/info'
libdir='${exec_prefix}/lib'
libexecdir='${exec_prefix}/libexec'
localedir='${datarootdir}/locale'
localstatedir='${prefix}/var'
mandir='${datarootdir}/man'
oldincludedir='/usr/include'
pdfdir='${docdir}'
prefix='/usr'
program_transform_name='s,x,x,'
psdir='${docdir}'
runstatedir='${localstatedir}/run'
sbindir='${exec_prefix}/sbin'
sharedstatedir='${prefix}/com'
sysconfdir='${prefix}/etc'
target='x86_64-pc-linux-gnu'
target_alias=''
target_cpu='x86_64'
target_os='linux-gnu'
target_vendor='pc'

## ----------- ##
## confdefs.h. ##
## ----------- ##

/* confdefs.h */
#define PACKAGE_NAME ""
#define PACKAGE_TARNAME ""
#define PACKAGE_VERSION ""
#define PACKAGE_STRING ""
#define PACKAGE_BUGREPORT ""
#define PACKAGE_URL ""
#define STDC_HEADERS 1
#define HAVE_SYS_TYPES_H 1
#define HAVE_SYS_STAT_H 1
#define HAVE_STDLIB_H 1
#define HAVE_STRING_H 1
#define HAVE_MEMORY_H 1
#define HAVE_STRINGS_H 1
#define HAVE_INTTYPES_H 1
#define HAVE_STDINT_H 1
#define HAVE_UNISTD_H 1
#define HAVE_MBSTATE_T 1
#define HAVE_NETDB_H 1
#define HAVE_UNISTD_H 1
#define HAVE_WCHAR_H 1
#define HAVE_WCTYPE_H 1
#define HAVE_ARPA_INET_H 1
#define HAVE_MBRTOWC 1
#define HAVE_MBTOWC 1
#define HAVE_ISWALNUM 1
#define HAVE_INET_PTON 1
#define PHP_HTTP_ZLIB_VERSION "1.2.11"
#define PHP_HTTP_HAVE_ZLIB 1
#define PHP_HTTP_LIBCURL_VERSION "7.68.0"
#define PHP_HTTP_CAPATH "/etc/ssl/certs"
#define PHP_HTTP_CAINFO "/etc/ssl/certs/ca-certificates.crt"
#define PHP_HTTP_HAVE_LIBCURL_HTTP 1
#define PHP_HTTP_HAVE_LIBCURL_HTTP2 1
#define PHP_HTTP_HAVE_LIBCURL_SSL 1
#define PHP_HTTP_HAVE_LIBCURL_OPENSSL 1
#define PHP_HTTP_HAVE_LIBCURL_CAPATH 1
#define PHP_HTTP_HAVE_LIBCURL_CAINFO 1
#define PHP_HTTP_HAVE_CURL_VERSION_TLSAUTH_SRP 1
#define PHP_HTTP_HAVE_CURL_LOCK_DATA_SSL_SESSION 1
#define PHP_HTTP_HAVE_LIBCURL_SHARE_SSL 1
#define PHP_HTTP_HAVE_CURLOPT_TLS13_CIPHERS 1
#define PHP_HTTP_CAPATH "/etc/ssl/certs"
#define PHP_HTTP_CAINFO "/etc/ssl/certs/ca-certificates.crt"
#define PHP_HTTP_HAVE_CLIENT 1
#define PHP_HTTP_HAVE_LIBCURL 1
#define PHP_HTTP_HAVE_IDNA2003 1
#define HAVE_UIDNA_IDNTOASCII 1
#define PHP_HTTP_HAVE_LIBICU 1

configure: exit 1
